# JRE version: Java(TM) SE Runtime Environment (8.0_45-b15) (build 1.8.0_45-b15)
# Java VM: Java HotSpot(TM) 64-Bit Server VM (25.45-b02 mixed mode windows-amd64 compressed oops)
Heap:
 PSYoungGen      total 33280K, used 23222K [0x00000000db100000, 0x00000000dd600000, 0x0000000100000000)
  eden space 28672K, 64% used [0x00000000db100000,0x00000000dc3318c0,0x00000000dcd00000)
  from space 4608K, 99% used [0x00000000dd180000,0x00000000dd5fc190,0x00000000dd600000)
  to   space 4608K, 0% used [0x00000000dcd00000,0x00000000dcd00000,0x00000000dd180000)
 ParOldGen       total 76800K, used 17177K [0x0000000091200000, 0x0000000095d00000, 0x00000000db100000)
  object space 76800K, 22% used [0x0000000091200000,0x00000000922c6418,0x0000000095d00000)
 Metaspace       used 8577K, capacity 8760K, committed 8832K, reserved 1056768K
  class space    used 1064K, capacity 1148K, committed 1152K, reserved 1048576K
GC Heap History (8 events):
Event: 15.634 GC heap before
{Heap before GC invocations=1 (full 0):
 PSYoungGen      total 33280K, used 28672K [0x00000000db100000, 0x00000000dd600000, 0x0000000100000000)
  eden space 28672K, 100% used [0x00000000db100000,0x00000000dcd00000,0x00000000dcd00000)
  from space 4608K, 0% used [0x00000000dd180000,0x00000000dd180000,0x00000000dd600000)
  to   space 4608K, 0% used [0x00000000dcd00000,0x00000000dcd00000,0x00000000dd180000)
 ParOldGen       total 76800K, used 0K [0x0000000091200000, 0x0000000095d00000, 0x00000000db100000)
  object space 76800K, 0% used [0x0000000091200000,0x0000000091200000,0x0000000095d00000)
 Metaspace       used 8495K, capacity 8696K, committed 8832K, reserved 1056768K
  class space    used 1061K, capacity 1148K, committed 1152K, reserved 1048576K
Event: 15.647 GC heap after
Heap after GC invocations=1 (full 0):
 PSYoungGen      total 33280K, used 4592K [0x00000000db100000, 0x00000000dd600000, 0x0000000100000000)
  eden space 28672K, 0% used [0x00000000db100000,0x00000000db100000,0x00000000dcd00000)
  from space 4608K, 99% used [0x00000000dcd00000,0x00000000dd17c260,0x00000000dd180000)
  to   space 4608K, 0% used [0x00000000dd180000,0x00000000dd180000,0x00000000dd600000)
 ParOldGen       total 76800K, used 2265K [0x0000000091200000, 0x0000000095d00000, 0x00000000db100000)
  object space 76800K, 2% used [0x0000000091200000,0x0000000091436480,0x0000000095d00000)
 Metaspace       used 8495K, capacity 8696K, committed 8832K, reserved 1056768K
  class space    used 1061K, capacity 1148K, committed 1152K, reserved 1048576K
}
Event: 29.615 GC heap before
{Heap before GC invocations=2 (full 0):
 PSYoungGen      total 33280K, used 33264K [0x00000000db100000, 0x00000000dd600000, 0x0000000100000000)
  eden space 28672K, 100% used [0x00000000db100000,0x00000000dcd00000,0x00000000dcd00000)
  from space 4608K, 99% used [0x00000000dcd00000,0x00000000dd17c260,0x00000000dd180000)
  to   space 4608K, 0% used [0x00000000dd180000,0x00000000dd180000,0x00000000dd600000)
 ParOldGen       total 76800K, used 2265K [0x0000000091200000, 0x0000000095d00000, 0x00000000db100000)
  object space 76800K, 2% used [0x0000000091200000,0x0000000091436480,0x0000000095d00000)
 Metaspace       used 8524K, capacity 8696K, committed 8832K, reserved 1056768K
  class space    used 1061K, capacity 1148K, committed 1152K, reserved 1048576K
Event: 29.643 GC heap after
Heap after GC invocations=2 (full 0):
 PSYoungGen      total 33280K, used 4576K [0x00000000db100000, 0x00000000dd600000, 0x0000000100000000)
  eden space 28672K, 0% used [0x00000000db100000,0x00000000db100000,0x00000000dcd00000)
  from space 4608K, 99% used [0x00000000dd180000,0x00000000dd5f8250,0x00000000dd600000)
  to   space 4608K, 0% used [0x00000000dcd00000,0x00000000dcd00000,0x00000000dd180000)
 ParOldGen       total 76800K, used 6837K [0x0000000091200000, 0x0000000095d00000, 0x00000000db100000)
  object space 76800K, 8% used [0x0000000091200000,0x00000000918ad758,0x0000000095d00000)
 Metaspace       used 8524K, capacity 8696K, committed 8832K, reserved 1056768K
  class space    used 1061K, capacity 1148K, committed 1152K, reserved 1048576K
}
Event: 44.492 GC heap before
{Heap before GC invocations=3 (full 0):
 PSYoungGen      total 33280K, used 33248K [0x00000000db100000, 0x00000000dd600000, 0x0000000100000000)
  eden space 28672K, 100% used [0x00000000db100000,0x00000000dcd00000,0x00000000dcd00000)
  from space 4608K, 99% used [0x00000000dd180000,0x00000000dd5f8250,0x00000000dd600000)
  to   space 4608K, 0% used [0x00000000dcd00000,0x00000000dcd00000,0x00000000dd180000)
 ParOldGen       total 76800K, used 6837K [0x0000000091200000, 0x0000000095d00000, 0x00000000db100000)
  object space 76800K, 8% used [0x0000000091200000,0x00000000918ad758,0x0000000095d00000)
 Metaspace       used 8537K, capacity 8760K, committed 8832K, reserved 1056768K
  class space    used 1061K, capacity 1148K, committed 1152K, reserved 1048576K
Event: 44.508 GC heap after
Heap after GC invocations=3 (full 0):
 PSYoungGen      total 33280K, used 4576K [0x00000000db100000, 0x00000000dd600000, 0x0000000100000000)
  eden space 28672K, 0% used [0x00000000db100000,0x00000000db100000,0x00000000dcd00000)
  from space 4608K, 99% used [0x00000000dcd00000,0x00000000dd1781c0,0x00000000dd180000)
  to   space 4608K, 0% used [0x00000000dd180000,0x00000000dd180000,0x00000000dd600000)
 ParOldGen       total 76800K, used 11854K [0x0000000091200000, 0x0000000095d00000, 0x00000000db100000)
  object space 76800K, 15% used [0x0000000091200000,0x0000000091d93b48,0x0000000095d00000)
 Metaspace       used 8537K, capacity 8760K, committed 8832K, reserved 1056768K
  class space    used 1061K, capacity 1148K, committed 1152K, reserved 1048576K
}
Event: 59.276 GC heap before
{Heap before GC invocations=4 (full 0):
 PSYoungGen      total 33280K, used 33248K [0x00000000db100000, 0x00000000dd600000, 0x0000000100000000)
  eden space 28672K, 100% used [0x00000000db100000,0x00000000dcd00000,0x00000000dcd00000)
  from space 4608K, 99% used [0x00000000dcd00000,0x00000000dd1781c0,0x00000000dd180000)
  to   space 4608K, 0% used [0x00000000dd180000,0x00000000dd180000,0x00000000dd600000)
 ParOldGen       total 76800K, used 11854K [0x0000000091200000, 0x0000000095d00000, 0x00000000db100000)
  object space 76800K, 15% used [0x0000000091200000,0x0000000091d93b48,0x0000000095d00000)
 Metaspace       used 8539K, capacity 8760K, committed 8832K, reserved 1056768K
  class space    used 1061K, capacity 1148K, committed 1152K, reserved 1048576K
Event: 59.292 GC heap after
Heap after GC invocations=4 (full 0):
 PSYoungGen      total 33280K, used 4592K [0x00000000db100000, 0x00000000dd600000, 0x0000000100000000)
  eden space 28672K, 0% used [0x00000000db100000,0x00000000db100000,0x00000000dcd00000)
  from space 4608K, 99% used [0x00000000dd180000,0x00000000dd5fc190,0x00000000dd600000)
  to   space 4608K, 0% used [0x00000000dcd00000,0x00000000dcd00000,0x00000000dd180000)
 ParOldGen       total 76800K, used 17177K [0x0000000091200000, 0x0000000095d00000, 0x00000000db100000)
  object space 76800K, 22% used [0x0000000091200000,0x00000000922c6418,0x0000000095d00000)
 Metaspace       used 8539K, capacity 8760K, committed 8832K, reserved 1056768K
  class space    used 1061K, capacity 1148K, committed 1152K, reserved 1048576K
}

