# JRE version: Java(TM) SE Runtime Environment (8.0_51-b16) (build 1.8.0_51-b16)
# Java VM: Java HotSpot(TM) 64-Bit Server VM (25.51-b03 mixed mode windows-amd64 compressed oops)
Heap:
 PSYoungGen      total 61952K, used 22796K [0x00000000db100000, 0x00000000df200000, 0x0000000100000000)
  eden space 57344K, 31% used [0x00000000db100000,0x00000000dc2c41e0,0x00000000de900000)
  from space 4608K, 99% used [0x00000000ded80000,0x00000000df1fef10,0x00000000df200000)
  to   space 4608K, 0% used [0x00000000de900000,0x00000000de900000,0x00000000ded80000)
 ParOldGen       total 76800K, used 9883K [0x0000000091200000, 0x0000000095d00000, 0x00000000db100000)
  object space 76800K, 12% used [0x0000000091200000,0x0000000091ba6da8,0x0000000095d00000)
 Metaspace       used 8280K, capacity 8506K, committed 8576K, reserved 1056768K
  class space    used 1062K, capacity 1147K, committed 1152K, reserved 1048576K
GC Heap History (4 events):
Event: 0.941 GC heap before
{Heap before GC invocations=1 (full 0):
 PSYoungGen      total 33280K, used 28672K [0x00000000db100000, 0x00000000dd600000, 0x0000000100000000)
  eden space 28672K, 100% used [0x00000000db100000,0x00000000dcd00000,0x00000000dcd00000)
  from space 4608K, 0% used [0x00000000dd180000,0x00000000dd180000,0x00000000dd600000)
  to   space 4608K, 0% used [0x00000000dcd00000,0x00000000dcd00000,0x00000000dd180000)
 ParOldGen       total 76800K, used 0K [0x0000000091200000, 0x0000000095d00000, 0x00000000db100000)
  object space 76800K, 0% used [0x0000000091200000,0x0000000091200000,0x0000000095d00000)
 Metaspace       used 7015K, capacity 7056K, committed 7168K, reserved 1056768K
  class space    used 924K, capacity 944K, committed 1024K, reserved 1048576K
Event: 0.956 GC heap after
Heap after GC invocations=1 (full 0):
 PSYoungGen      total 33280K, used 4587K [0x00000000db100000, 0x00000000df200000, 0x0000000100000000)
  eden space 28672K, 0% used [0x00000000db100000,0x00000000db100000,0x00000000dcd00000)
  from space 4608K, 99% used [0x00000000dcd00000,0x00000000dd17ae80,0x00000000dd180000)
  to   space 4608K, 0% used [0x00000000ded80000,0x00000000ded80000,0x00000000df200000)
 ParOldGen       total 76800K, used 3615K [0x0000000091200000, 0x0000000095d00000, 0x00000000db100000)
  object space 76800K, 4% used [0x0000000091200000,0x0000000091587e88,0x0000000095d00000)
 Metaspace       used 7015K, capacity 7056K, committed 7168K, reserved 1056768K
  class space    used 924K, capacity 944K, committed 1024K, reserved 1048576K
}
Event: 1.197 GC heap before
{Heap before GC invocations=2 (full 0):
 PSYoungGen      total 33280K, used 33259K [0x00000000db100000, 0x00000000df200000, 0x0000000100000000)
  eden space 28672K, 100% used [0x00000000db100000,0x00000000dcd00000,0x00000000dcd00000)
  from space 4608K, 99% used [0x00000000dcd00000,0x00000000dd17ae80,0x00000000dd180000)
  to   space 4608K, 0% used [0x00000000ded80000,0x00000000ded80000,0x00000000df200000)
 ParOldGen       total 76800K, used 3615K [0x0000000091200000, 0x0000000095d00000, 0x00000000db100000)
  object space 76800K, 4% used [0x0000000091200000,0x0000000091587e88,0x0000000095d00000)
 Metaspace       used 7194K, capacity 7280K, committed 7424K, reserved 1056768K
  class space    used 940K, capacity 976K, committed 1024K, reserved 1048576K
Event: 1.220 GC heap after
Heap after GC invocations=2 (full 0):
 PSYoungGen      total 61952K, used 4603K [0x00000000db100000, 0x00000000df200000, 0x0000000100000000)
  eden space 57344K, 0% used [0x00000000db100000,0x00000000db100000,0x00000000de900000)
  from space 4608K, 99% used [0x00000000ded80000,0x00000000df1fef10,0x00000000df200000)
  to   space 4608K, 0% used [0x00000000de900000,0x00000000de900000,0x00000000ded80000)
 ParOldGen       total 76800K, used 9883K [0x0000000091200000, 0x0000000095d00000, 0x00000000db100000)
  object space 76800K, 12% used [0x0000000091200000,0x0000000091ba6da8,0x0000000095d00000)
 Metaspace       used 7194K, capacity 7280K, committed 7424K, reserved 1056768K
  class space    used 940K, capacity 976K, committed 1024K, reserved 1048576K
}

