# JRE version: Java(TM) SE Runtime Environment (8.0_45-b15) (build 1.8.0_45-b15)
# Java VM: Java HotSpot(TM) 64-Bit Server VM (25.45-b02 mixed mode windows-amd64 compressed oops)
Heap:
 PSYoungGen      total 477696K, used 165219K [0x00000000db100000, 0x00000000fb900000, 0x0000000100000000)
  eden space 445952K, 37% used [0x00000000db100000,0x00000000e5258f20,0x00000000f6480000)
  from space 31744K, 0% used [0x00000000f8b00000,0x00000000f8b00000,0x00000000faa00000)
  to   space 39424K, 0% used [0x00000000f6480000,0x00000000f6480000,0x00000000f8b00000)
 ParOldGen       total 95232K, used 46495K [0x0000000091200000, 0x0000000096f00000, 0x00000000db100000)
  object space 95232K, 48% used [0x0000000091200000,0x0000000093f67f38,0x0000000096f00000)
 Metaspace       used 8606K, capacity 8824K, committed 8832K, reserved 1056768K
  class space    used 1065K, capacity 1148K, committed 1152K, reserved 1048576K
GC Heap History (10 events):
Event: 21.137 GC heap before
{Heap before GC invocations=5 (full 0):
 PSYoungGen      total 119296K, used 119278K [0x00000000db100000, 0x00000000e2a00000, 0x0000000100000000)
  eden space 114688K, 100% used [0x00000000db100000,0x00000000e2100000,0x00000000e2100000)
  from space 4608K, 99% used [0x00000000e2580000,0x00000000e29fb970,0x00000000e2a00000)
  to   space 4608K, 0% used [0x00000000e2100000,0x00000000e2100000,0x00000000e2580000)
 ParOldGen       total 76800K, used 25518K [0x0000000091200000, 0x0000000095d00000, 0x00000000db100000)
  object space 76800K, 33% used [0x0000000091200000,0x0000000092aeb838,0x0000000095d00000)
 Metaspace       used 8543K, capacity 8752K, committed 8832K, reserved 1056768K
  class space    used 1062K, capacity 1148K, committed 1152K, reserved 1048576K
Event: 21.158 GC heap after
Heap after GC invocations=5 (full 0):
 PSYoungGen      total 119296K, used 4585K [0x00000000db100000, 0x00000000eb600000, 0x0000000100000000)
  eden space 114688K, 0% used [0x00000000db100000,0x00000000db100000,0x00000000e2100000)
  from space 4608K, 99% used [0x00000000e2100000,0x00000000e257a770,0x00000000e2580000)
  to   space 18944K, 0% used [0x00000000ea380000,0x00000000ea380000,0x00000000eb600000)
 ParOldGen       total 76800K, used 39994K [0x0000000091200000, 0x0000000095d00000, 0x00000000db100000)
  object space 76800K, 52% used [0x0000000091200000,0x000000009390e848,0x0000000095d00000)
 Metaspace       used 8543K, capacity 8752K, committed 8832K, reserved 1056768K
  class space    used 1062K, capacity 1148K, committed 1152K, reserved 1048576K
}
Event: 28.200 GC heap before
{Heap before GC invocations=6 (full 0):
 PSYoungGen      total 119296K, used 119273K [0x00000000db100000, 0x00000000eb600000, 0x0000000100000000)
  eden space 114688K, 100% used [0x00000000db100000,0x00000000e2100000,0x00000000e2100000)
  from space 4608K, 99% used [0x00000000e2100000,0x00000000e257a770,0x00000000e2580000)
  to   space 18944K, 0% used [0x00000000ea380000,0x00000000ea380000,0x00000000eb600000)
 ParOldGen       total 76800K, used 39994K [0x0000000091200000, 0x0000000095d00000, 0x00000000db100000)
  object space 76800K, 52% used [0x0000000091200000,0x000000009390e848,0x0000000095d00000)
 Metaspace       used 8557K, capacity 8752K, committed 8832K, reserved 1056768K
  class space    used 1062K, capacity 1148K, committed 1152K, reserved 1048576K
Event: 28.222 GC heap after
Heap after GC invocations=6 (full 0):
 PSYoungGen      total 245760K, used 18900K [0x00000000db100000, 0x00000000ebb00000, 0x0000000100000000)
  eden space 226816K, 0% used [0x00000000db100000,0x00000000db100000,0x00000000e8e80000)
  from space 18944K, 99% used [0x00000000ea380000,0x00000000eb5f5058,0x00000000eb600000)
  to   space 21504K, 0% used [0x00000000e8e80000,0x00000000e8e80000,0x00000000ea380000)
 ParOldGen       total 76800K, used 40578K [0x0000000091200000, 0x0000000095d00000, 0x00000000db100000)
  object space 76800K, 52% used [0x0000000091200000,0x00000000939a08d8,0x0000000095d00000)
 Metaspace       used 8557K, capacity 8752K, committed 8832K, reserved 1056768K
  class space    used 1062K, capacity 1148K, committed 1152K, reserved 1048576K
}
Event: 44.227 GC heap before
{Heap before GC invocations=7 (full 0):
 PSYoungGen      total 245760K, used 245716K [0x00000000db100000, 0x00000000ebb00000, 0x0000000100000000)
  eden space 226816K, 100% used [0x00000000db100000,0x00000000e8e80000,0x00000000e8e80000)
  from space 18944K, 99% used [0x00000000ea380000,0x00000000eb5f5058,0x00000000eb600000)
  to   space 21504K, 0% used [0x00000000e8e80000,0x00000000e8e80000,0x00000000ea380000)
 ParOldGen       total 76800K, used 40578K [0x0000000091200000, 0x0000000095d00000, 0x00000000db100000)
  object space 76800K, 52% used [0x0000000091200000,0x00000000939a08d8,0x0000000095d00000)
 Metaspace       used 8571K, capacity 8752K, committed 8832K, reserved 1056768K
  class space    used 1062K, capacity 1148K, committed 1152K, reserved 1048576K
Event: 44.263 GC heap after
Heap after GC invocations=7 (full 0):
 PSYoungGen      total 248320K, used 21477K [0x00000000db100000, 0x00000000faa00000, 0x0000000100000000)
  eden space 226816K, 0% used [0x00000000db100000,0x00000000db100000,0x00000000e8e80000)
  from space 21504K, 99% used [0x00000000e8e80000,0x00000000ea379488,0x00000000ea380000)
  to   space 31744K, 0% used [0x00000000f8b00000,0x00000000f8b00000,0x00000000faa00000)
 ParOldGen       total 76800K, used 55167K [0x0000000091200000, 0x0000000095d00000, 0x00000000db100000)
  object space 76800K, 71% used [0x0000000091200000,0x00000000947dfce0,0x0000000095d00000)
 Metaspace       used 8571K, capacity 8752K, committed 8832K, reserved 1056768K
  class space    used 1062K, capacity 1148K, committed 1152K, reserved 1048576K
}
Event: 58.093 GC heap before
{Heap before GC invocations=8 (full 0):
 PSYoungGen      total 248320K, used 248293K [0x00000000db100000, 0x00000000faa00000, 0x0000000100000000)
  eden space 226816K, 100% used [0x00000000db100000,0x00000000e8e80000,0x00000000e8e80000)
  from space 21504K, 99% used [0x00000000e8e80000,0x00000000ea379488,0x00000000ea380000)
  to   space 31744K, 0% used [0x00000000f8b00000,0x00000000f8b00000,0x00000000faa00000)
 ParOldGen       total 76800K, used 55167K [0x0000000091200000, 0x0000000095d00000, 0x00000000db100000)
  object space 76800K, 71% used [0x0000000091200000,0x00000000947dfce0,0x0000000095d00000)
 Metaspace       used 8582K, capacity 8824K, committed 8832K, reserved 1056768K
  class space    used 1062K, capacity 1148K, committed 1152K, reserved 1048576K
Event: 58.128 GC heap after
Heap after GC invocations=8 (full 0):
 PSYoungGen      total 477696K, used 31737K [0x00000000db100000, 0x00000000fb900000, 0x0000000100000000)
  eden space 445952K, 0% used [0x00000000db100000,0x00000000db100000,0x00000000f6480000)
  from space 31744K, 99% used [0x00000000f8b00000,0x00000000fa9fe788,0x00000000faa00000)
  to   space 39424K, 0% used [0x00000000f6480000,0x00000000f6480000,0x00000000f8b00000)
 ParOldGen       total 76800K, used 62161K [0x0000000091200000, 0x0000000095d00000, 0x00000000db100000)
  object space 76800K, 80% used [0x0000000091200000,0x0000000094eb44b0,0x0000000095d00000)
 Metaspace       used 8582K, capacity 8824K, committed 8832K, reserved 1056768K
  class space    used 1062K, capacity 1148K, committed 1152K, reserved 1048576K
}
Event: 58.128 GC heap before
{Heap before GC invocations=9 (full 1):
 PSYoungGen      total 477696K, used 31737K [0x00000000db100000, 0x00000000fb900000, 0x0000000100000000)
  eden space 445952K, 0% used [0x00000000db100000,0x00000000db100000,0x00000000f6480000)
  from space 31744K, 99% used [0x00000000f8b00000,0x00000000fa9fe788,0x00000000faa00000)
  to   space 39424K, 0% used [0x00000000f6480000,0x00000000f6480000,0x00000000f8b00000)
 ParOldGen       total 76800K, used 62161K [0x0000000091200000, 0x0000000095d00000, 0x00000000db100000)
  object space 76800K, 80% used [0x0000000091200000,0x0000000094eb44b0,0x0000000095d00000)
 Metaspace       used 8582K, capacity 8824K, committed 8832K, reserved 1056768K
  class space    used 1062K, capacity 1148K, committed 1152K, reserved 1048576K
Event: 58.202 GC heap after
Heap after GC invocations=9 (full 1):
 PSYoungGen      total 477696K, used 0K [0x00000000db100000, 0x00000000fb900000, 0x0000000100000000)
  eden space 445952K, 0% used [0x00000000db100000,0x00000000db100000,0x00000000f6480000)
  from space 31744K, 0% used [0x00000000f8b00000,0x00000000f8b00000,0x00000000faa00000)
  to   space 39424K, 0% used [0x00000000f6480000,0x00000000f6480000,0x00000000f8b00000)
 ParOldGen       total 95232K, used 46495K [0x0000000091200000, 0x0000000096f00000, 0x00000000db100000)
  object space 95232K, 48% used [0x0000000091200000,0x0000000093f67f38,0x0000000096f00000)
 Metaspace       used 8582K, capacity 8824K, committed 8832K, reserved 1056768K
  class space    used 1062K, capacity 1148K, committed 1152K, reserved 1048576K
}

