# JRE version: Java(TM) SE Runtime Environment (8.0_45-b15) (build 1.8.0_45-b15)
# Java VM: Java HotSpot(TM) 64-Bit Server VM (25.45-b02 mixed mode windows-amd64 compressed oops)
Heap:
 PSYoungGen      total 61952K, used 20380K [0x00000000db100000, 0x00000000df200000, 0x0000000100000000)
  eden space 57344K, 27% used [0x00000000db100000,0x00000000dc06c1d0,0x00000000de900000)
  from space 4608K, 99% used [0x00000000ded80000,0x00000000df1faf28,0x00000000df200000)
  to   space 4608K, 0% used [0x00000000de900000,0x00000000de900000,0x00000000ded80000)
 ParOldGen       total 76800K, used 10115K [0x0000000091200000, 0x0000000095d00000, 0x00000000db100000)
  object space 76800K, 13% used [0x0000000091200000,0x0000000091be0da8,0x0000000095d00000)
 Metaspace       used 8455K, capacity 8694K, committed 8832K, reserved 1056768K
  class space    used 1058K, capacity 1147K, committed 1152K, reserved 1048576K
GC Heap History (4 events):
Event: 1.030 GC heap before
{Heap before GC invocations=1 (full 0):
 PSYoungGen      total 33280K, used 28672K [0x00000000db100000, 0x00000000dd600000, 0x0000000100000000)
  eden space 28672K, 100% used [0x00000000db100000,0x00000000dcd00000,0x00000000dcd00000)
  from space 4608K, 0% used [0x00000000dd180000,0x00000000dd180000,0x00000000dd600000)
  to   space 4608K, 0% used [0x00000000dcd00000,0x00000000dcd00000,0x00000000dd180000)
 ParOldGen       total 76800K, used 0K [0x0000000091200000, 0x0000000095d00000, 0x00000000db100000)
  object space 76800K, 0% used [0x0000000091200000,0x0000000091200000,0x0000000095d00000)
 Metaspace       used 7267K, capacity 7312K, committed 7424K, reserved 1056768K
  class space    used 924K, capacity 944K, committed 1024K, reserved 1048576K
Event: 1.045 GC heap after
Heap after GC invocations=1 (full 0):
 PSYoungGen      total 33280K, used 4576K [0x00000000db100000, 0x00000000df200000, 0x0000000100000000)
  eden space 28672K, 0% used [0x00000000db100000,0x00000000db100000,0x00000000dcd00000)
  from space 4608K, 99% used [0x00000000dcd00000,0x00000000dd1780d0,0x00000000dd180000)
  to   space 4608K, 0% used [0x00000000ded80000,0x00000000ded80000,0x00000000df200000)
 ParOldGen       total 76800K, used 3855K [0x0000000091200000, 0x0000000095d00000, 0x00000000db100000)
  object space 76800K, 5% used [0x0000000091200000,0x00000000915c3e88,0x0000000095d00000)
 Metaspace       used 7267K, capacity 7312K, committed 7424K, reserved 1056768K
  class space    used 924K, capacity 944K, committed 1024K, reserved 1048576K
}
Event: 1.266 GC heap before
{Heap before GC invocations=2 (full 0):
 PSYoungGen      total 33280K, used 33169K [0x00000000db100000, 0x00000000df200000, 0x0000000100000000)
  eden space 28672K, 99% used [0x00000000db100000,0x00000000dccec440,0x00000000dcd00000)
  from space 4608K, 99% used [0x00000000dcd00000,0x00000000dd1780d0,0x00000000dd180000)
  to   space 4608K, 0% used [0x00000000ded80000,0x00000000ded80000,0x00000000df200000)
 ParOldGen       total 76800K, used 3855K [0x0000000091200000, 0x0000000095d00000, 0x00000000db100000)
  object space 76800K, 5% used [0x0000000091200000,0x00000000915c3e88,0x0000000095d00000)
 Metaspace       used 7446K, capacity 7536K, committed 7680K, reserved 1056768K
  class space    used 940K, capacity 976K, committed 1024K, reserved 1048576K
Event: 1.284 GC heap after
Heap after GC invocations=2 (full 0):
 PSYoungGen      total 61952K, used 4587K [0x00000000db100000, 0x00000000df200000, 0x0000000100000000)
  eden space 57344K, 0% used [0x00000000db100000,0x00000000db100000,0x00000000de900000)
  from space 4608K, 99% used [0x00000000ded80000,0x00000000df1faf28,0x00000000df200000)
  to   space 4608K, 0% used [0x00000000de900000,0x00000000de900000,0x00000000ded80000)
 ParOldGen       total 76800K, used 10115K [0x0000000091200000, 0x0000000095d00000, 0x00000000db100000)
  object space 76800K, 13% used [0x0000000091200000,0x0000000091be0da8,0x0000000095d00000)
 Metaspace       used 7446K, capacity 7536K, committed 7680K, reserved 1056768K
  class space    used 940K, capacity 976K, committed 1024K, reserved 1048576K
}

